# JRE version: Java(TM) SE Runtime Environment (8.0_05-b13) (build 1.8.0_05-b13)
# Java VM: Java HotSpot(TM) 64-Bit Server VM (25.5-b02 mixed mode windows-amd64 compressed oops)
Heap:
 PSYoungGen      total 241664K, used 196586K [0x00000000eaf80000, 0x00000000fdc80000, 0x0000000100000000)
  eden space 181760K, 95% used [0x00000000eaf80000,0x00000000f59680f8,0x00000000f6100000)
  from space 59904K, 37% used [0x00000000f6100000,0x00000000f77127c8,0x00000000f9b80000)
  to   space 57344K, 0% used [0x00000000fa480000,0x00000000fa480000,0x00000000fdc80000)
 ParOldGen       total 82944K, used 68601K [0x00000000c0e00000, 0x00000000c5f00000, 0x00000000eaf80000)
  object space 82944K, 82% used [0x00000000c0e00000,0x00000000c50fe4b0,0x00000000c5f00000)
 Metaspace       used 73808K, capacity 75238K, committed 75380K, reserved 1114112K
  class space    used 9416K, capacity 9747K, committed 9856K, reserved 1048576K
GC Heap History (10 events):
Event: 31.951 GC heap before
{Heap before GC invocations=45 (full 5):
 PSYoungGen      total 225280K, used 41204K [0x00000000eaf80000, 0x00000000fcf00000, 0x0000000100000000)
  eden space 161280K, 2% used [0x00000000eaf80000,0x00000000eb2af720,0x00000000f4d00000)
  from space 64000K, 59% used [0x00000000f4d00000,0x00000000f720dac0,0x00000000f8b80000)
  to   space 64000K, 0% used [0x00000000f9080000,0x00000000f9080000,0x00000000fcf00000)
 ParOldGen       total 83456K, used 67515K [0x00000000c0e00000, 0x00000000c5f80000, 0x00000000eaf80000)
  object space 83456K, 80% used [0x00000000c0e00000,0x00000000c4feee38,0x00000000c5f80000)
 Metaspace       used 57885K, capacity 58746K, committed 58996K, reserved 1099776K
  class space    used 7477K, capacity 7761K, committed 7808K, reserved 1048576K
Event: 31.967 GC heap after
Heap after GC invocations=45 (full 5):
 PSYoungGen      total 232960K, used 31271K [0x00000000eaf80000, 0x00000000fd500000, 0x0000000100000000)
  eden space 168960K, 0% used [0x00000000eaf80000,0x00000000eaf80000,0x00000000f5480000)
  from space 64000K, 48% used [0x00000000f9080000,0x00000000faf09cd0,0x00000000fcf00000)
  to   space 61440K, 0% used [0x00000000f5480000,0x00000000f5480000,0x00000000f9080000)
 ParOldGen       total 83456K, used 67515K [0x00000000c0e00000, 0x00000000c5f80000, 0x00000000eaf80000)
  object space 83456K, 80% used [0x00000000c0e00000,0x00000000c4feee38,0x00000000c5f80000)
 Metaspace       used 57885K, capacity 58746K, committed 58996K, reserved 1099776K
  class space    used 7477K, capacity 7761K, committed 7808K, reserved 1048576K
}
Event: 31.967 GC heap before
{Heap before GC invocations=46 (full 6):
 PSYoungGen      total 232960K, used 31271K [0x00000000eaf80000, 0x00000000fd500000, 0x0000000100000000)
  eden space 168960K, 0% used [0x00000000eaf80000,0x00000000eaf80000,0x00000000f5480000)
  from space 64000K, 48% used [0x00000000f9080000,0x00000000faf09cd0,0x00000000fcf00000)
  to   space 61440K, 0% used [0x00000000f5480000,0x00000000f5480000,0x00000000f9080000)
 ParOldGen       total 83456K, used 67515K [0x00000000c0e00000, 0x00000000c5f80000, 0x00000000eaf80000)
  object space 83456K, 80% used [0x00000000c0e00000,0x00000000c4feee38,0x00000000c5f80000)
 Metaspace       used 57885K, capacity 58746K, committed 58996K, reserved 1099776K
  class space    used 7477K, capacity 7761K, committed 7808K, reserved 1048576K
Event: 32.072 GC heap after
Heap after GC invocations=46 (full 6):
 PSYoungGen      total 232960K, used 0K [0x00000000eaf80000, 0x00000000fd500000, 0x0000000100000000)
  eden space 168960K, 0% used [0x00000000eaf80000,0x00000000eaf80000,0x00000000f5480000)
  from space 64000K, 0% used [0x00000000f9080000,0x00000000f9080000,0x00000000fcf00000)
  to   space 61440K, 0% used [0x00000000f5480000,0x00000000f5480000,0x00000000f9080000)
 ParOldGen       total 82944K, used 68577K [0x00000000c0e00000, 0x00000000c5f00000, 0x00000000eaf80000)
  object space 82944K, 82% used [0x00000000c0e00000,0x00000000c50f84b0,0x00000000c5f00000)
 Metaspace       used 57885K, capacity 58746K, committed 58996K, reserved 1099776K
  class space    used 7477K, capacity 7761K, committed 7808K, reserved 1048576K
}
Event: 33.353 GC heap before
{Heap before GC invocations=47 (full 6):
 PSYoungGen      total 232960K, used 168960K [0x00000000eaf80000, 0x00000000fd500000, 0x0000000100000000)
  eden space 168960K, 100% used [0x00000000eaf80000,0x00000000f5480000,0x00000000f5480000)
  from space 64000K, 0% used [0x00000000f9080000,0x00000000f9080000,0x00000000fcf00000)
  to   space 61440K, 0% used [0x00000000f5480000,0x00000000f5480000,0x00000000f9080000)
 ParOldGen       total 82944K, used 68577K [0x00000000c0e00000, 0x00000000c5f00000, 0x00000000eaf80000)
  object space 82944K, 82% used [0x00000000c0e00000,0x00000000c50f84b0,0x00000000c5f00000)
 Metaspace       used 61659K, capacity 62662K, committed 63092K, reserved 1103872K
  class space    used 7866K, capacity 8195K, committed 8320K, reserved 1048576K
Event: 33.368 GC heap after
Heap after GC invocations=47 (full 6):
 PSYoungGen      total 230400K, used 5900K [0x00000000eaf80000, 0x00000000fdf00000, 0x0000000100000000)
  eden space 168960K, 0% used [0x00000000eaf80000,0x00000000eaf80000,0x00000000f5480000)
  from space 61440K, 9% used [0x00000000f5480000,0x00000000f5a43058,0x00000000f9080000)
  to   space 62464K, 0% used [0x00000000fa200000,0x00000000fa200000,0x00000000fdf00000)
 ParOldGen       total 82944K, used 68585K [0x00000000c0e00000, 0x00000000c5f00000, 0x00000000eaf80000)
  object space 82944K, 82% used [0x00000000c0e00000,0x00000000c50fa4b0,0x00000000c5f00000)
 Metaspace       used 61659K, capacity 62662K, committed 63092K, reserved 1103872K
  class space    used 7866K, capacity 8195K, committed 8320K, reserved 1048576K
}
Event: 34.614 GC heap before
{Heap before GC invocations=48 (full 6):
 PSYoungGen      total 230400K, used 174860K [0x00000000eaf80000, 0x00000000fdf00000, 0x0000000100000000)
  eden space 168960K, 100% used [0x00000000eaf80000,0x00000000f5480000,0x00000000f5480000)
  from space 61440K, 9% used [0x00000000f5480000,0x00000000f5a43058,0x00000000f9080000)
  to   space 62464K, 0% used [0x00000000fa200000,0x00000000fa200000,0x00000000fdf00000)
 ParOldGen       total 82944K, used 68585K [0x00000000c0e00000, 0x00000000c5f00000, 0x00000000eaf80000)
  object space 82944K, 82% used [0x00000000c0e00000,0x00000000c50fa4b0,0x00000000c5f00000)
 Metaspace       used 64251K, capacity 65246K, committed 65652K, reserved 1105920K
  class space    used 8146K, capacity 8455K, committed 8576K, reserved 1048576K
Event: 34.626 GC heap after
Heap after GC invocations=48 (full 6):
 PSYoungGen      total 235008K, used 20363K [0x00000000eaf80000, 0x00000000fd600000, 0x0000000100000000)
  eden space 181760K, 0% used [0x00000000eaf80000,0x00000000eaf80000,0x00000000f6100000)
  from space 53248K, 38% used [0x00000000fa200000,0x00000000fb5e2db8,0x00000000fd600000)
  to   space 59904K, 0% used [0x00000000f6100000,0x00000000f6100000,0x00000000f9b80000)
 ParOldGen       total 82944K, used 68593K [0x00000000c0e00000, 0x00000000c5f00000, 0x00000000eaf80000)
  object space 82944K, 82% used [0x00000000c0e00000,0x00000000c50fc4b0,0x00000000c5f00000)
 Metaspace       used 64251K, capacity 65246K, committed 65652K, reserved 1105920K
  class space    used 8146K, capacity 8455K, committed 8576K, reserved 1048576K
}
Event: 41.197 GC heap before
{Heap before GC invocations=49 (full 6):
 PSYoungGen      total 235008K, used 202123K [0x00000000eaf80000, 0x00000000fd600000, 0x0000000100000000)
  eden space 181760K, 100% used [0x00000000eaf80000,0x00000000f6100000,0x00000000f6100000)
  from space 53248K, 38% used [0x00000000fa200000,0x00000000fb5e2db8,0x00000000fd600000)
  to   space 59904K, 0% used [0x00000000f6100000,0x00000000f6100000,0x00000000f9b80000)
 ParOldGen       total 82944K, used 68593K [0x00000000c0e00000, 0x00000000c5f00000, 0x00000000eaf80000)
  object space 82944K, 82% used [0x00000000c0e00000,0x00000000c50fc4b0,0x00000000c5f00000)
 Metaspace       used 69323K, capacity 70320K, committed 70644K, reserved 1110016K
  class space    used 8855K, capacity 9162K, committed 9216K, reserved 1048576K
Event: 41.229 GC heap after
Heap after GC invocations=49 (full 6):
 PSYoungGen      total 241664K, used 22601K [0x00000000eaf80000, 0x00000000fdc80000, 0x0000000100000000)
  eden space 181760K, 0% used [0x00000000eaf80000,0x00000000eaf80000,0x00000000f6100000)
  from space 59904K, 37% used [0x00000000f6100000,0x00000000f77127c8,0x00000000f9b80000)
  to   space 57344K, 0% used [0x00000000fa480000,0x00000000fa480000,0x00000000fdc80000)
 ParOldGen       total 82944K, used 68601K [0x00000000c0e00000, 0x00000000c5f00000, 0x00000000eaf80000)
  object space 82944K, 82% used [0x00000000c0e00000,0x00000000c50fe4b0,0x00000000c5f00000)
 Metaspace       used 69323K, capacity 70320K, committed 70644K, reserved 1110016K
  class space    used 8855K, capacity 9162K, committed 9216K, reserved 1048576K
}

