# JRE version: 7.0_21-b11
# Java VM: Java HotSpot(TM) 64-Bit Server VM (23.21-b01 mixed mode windows-amd64 compressed oops)
Heap
 PSYoungGen      total 271424K, used 51204K [0x00000000eaf60000, 0x0000000100000000, 0x0000000100000000)
  eden space 212352K, 0% used [0x00000000eaf60000,0x00000000eaf60000,0x00000000f7ec0000)
  from space 59072K, 86% used [0x00000000fc650000,0x00000000ff851220,0x0000000100000000)
  to   space 66176K, 0% used [0x00000000f7ec0000,0x00000000f7ec0000,0x00000000fbf60000)
 ParOldGen       total 125248K, used 111611K [0x00000000c0e00000, 0x00000000c8850000, 0x00000000eaf60000)
  object space 125248K, 89% used [0x00000000c0e00000,0x00000000c7afeca8,0x00000000c8850000)
 PSPermGen       total 57792K, used 35366K [0x00000000bbc00000, 0x00000000bf470000, 0x00000000c0e00000)
  object space 57792K, 61% used [0x00000000bbc00000,0x00000000bde89a70,0x00000000bf470000)
GC Heap History (10 events):
Event: 257.657 GC heap after
Heap after GC invocations=14 (full 1):
 PSYoungGen      total 208832K, used 29325K [0x00000000eaf60000, 0x00000000fde20000, 0x0000000100000000)
  eden space 173056K, 0% used [0x00000000eaf60000,0x00000000eaf60000,0x00000000f5860000)
  from space 35776K, 81% used [0x00000000f5860000,0x00000000f75035f0,0x00000000f7b50000)
  to   space 39360K, 0% used [0x00000000fb7b0000,0x00000000fb7b0000,0x00000000fde20000)
 ParOldGen       total 76416K, used 64784K [0x00000000c0e00000, 0x00000000c58a0000, 0x00000000eaf60000)
  object space 76416K, 84% used [0x00000000c0e00000,0x00000000c4d442e8,0x00000000c58a0000)
 PSPermGen       total 44928K, used 32008K [0x00000000bbc00000, 0x00000000be7e0000, 0x00000000c0e00000)
  object space 44928K, 71% used [0x00000000bbc00000,0x00000000bdb422e0,0x00000000be7e0000)
}
Event: 257.657 GC heap before
{Heap before GC invocations=15 (full 2):
 PSYoungGen      total 208832K, used 29325K [0x00000000eaf60000, 0x00000000fde20000, 0x0000000100000000)
  eden space 173056K, 0% used [0x00000000eaf60000,0x00000000eaf60000,0x00000000f5860000)
  from space 35776K, 81% used [0x00000000f5860000,0x00000000f75035f0,0x00000000f7b50000)
  to   space 39360K, 0% used [0x00000000fb7b0000,0x00000000fb7b0000,0x00000000fde20000)
 ParOldGen       total 76416K, used 64784K [0x00000000c0e00000, 0x00000000c58a0000, 0x00000000eaf60000)
  object space 76416K, 84% used [0x00000000c0e00000,0x00000000c4d442e8,0x00000000c58a0000)
 PSPermGen       total 44928K, used 32008K [0x00000000bbc00000, 0x00000000be7e0000, 0x00000000c0e00000)
  object space 44928K, 71% used [0x00000000bbc00000,0x00000000bdb422e0,0x00000000be7e0000)
Event: 257.776 GC heap after
Heap after GC invocations=15 (full 2):
 PSYoungGen      total 208832K, used 0K [0x00000000eaf60000, 0x00000000fde20000, 0x0000000100000000)
  eden space 173056K, 0% used [0x00000000eaf60000,0x00000000eaf60000,0x00000000f5860000)
  from space 35776K, 0% used [0x00000000f5860000,0x00000000f5860000,0x00000000f7b50000)
  to   space 39360K, 0% used [0x00000000fb7b0000,0x00000000fb7b0000,0x00000000fde20000)
 ParOldGen       total 125248K, used 76310K [0x00000000c0e00000, 0x00000000c8850000, 0x00000000eaf60000)
  object space 125248K, 60% used [0x00000000c0e00000,0x00000000c5885b28,0x00000000c8850000)
 PSPermGen       total 57792K, used 32006K [0x00000000bbc00000, 0x00000000bf470000, 0x00000000c0e00000)
  object space 57792K, 55% used [0x00000000bbc00000,0x00000000bdb41998,0x00000000bf470000)
}
Event: 258.317 GC heap before
{Heap before GC invocations=16 (full 2):
 PSYoungGen      total 208832K, used 173056K [0x00000000eaf60000, 0x00000000fde20000, 0x0000000100000000)
  eden space 173056K, 100% used [0x00000000eaf60000,0x00000000f5860000,0x00000000f5860000)
  from space 35776K, 0% used [0x00000000f5860000,0x00000000f5860000,0x00000000f7b50000)
  to   space 39360K, 0% used [0x00000000fb7b0000,0x00000000fb7b0000,0x00000000fde20000)
 ParOldGen       total 125248K, used 76310K [0x00000000c0e00000, 0x00000000c8850000, 0x00000000eaf60000)
  object space 125248K, 60% used [0x00000000c0e00000,0x00000000c5885b28,0x00000000c8850000)
 PSPermGen       total 57792K, used 32006K [0x00000000bbc00000, 0x00000000bf470000, 0x00000000c0e00000)
  object space 57792K, 55% used [0x00000000bbc00000,0x00000000bdb41ab8,0x00000000bf470000)
Event: 258.352 GC heap after
Heap after GC invocations=16 (full 2):
 PSYoungGen      total 264640K, used 38043K [0x00000000eaf60000, 0x00000000ffe00000, 0x0000000100000000)
  eden space 225280K, 0% used [0x00000000eaf60000,0x00000000eaf60000,0x00000000f8b60000)
  from space 39360K, 96% used [0x00000000fb7b0000,0x00000000fdcd6e88,0x00000000fde20000)
  to   space 45376K, 0% used [0x00000000f8b60000,0x00000000f8b60000,0x00000000fb7b0000)
 ParOldGen       total 125248K, used 76310K [0x00000000c0e00000, 0x00000000c8850000, 0x00000000eaf60000)
  object space 125248K, 60% used [0x00000000c0e00000,0x00000000c5885b28,0x00000000c8850000)
 PSPermGen       total 57792K, used 32006K [0x00000000bbc00000, 0x00000000bf470000, 0x00000000c0e00000)
  object space 57792K, 55% used [0x00000000bbc00000,0x00000000bdb41ab8,0x00000000bf470000)
}
Event: 259.242 GC heap before
{Heap before GC invocations=17 (full 2):
 PSYoungGen      total 264640K, used 263323K [0x00000000eaf60000, 0x00000000ffe00000, 0x0000000100000000)
  eden space 225280K, 100% used [0x00000000eaf60000,0x00000000f8b60000,0x00000000f8b60000)
  from space 39360K, 96% used [0x00000000fb7b0000,0x00000000fdcd6e88,0x00000000fde20000)
  to   space 45376K, 0% used [0x00000000f8b60000,0x00000000f8b60000,0x00000000fb7b0000)
 ParOldGen       total 125248K, used 76310K [0x00000000c0e00000, 0x00000000c8850000, 0x00000000eaf60000)
  object space 125248K, 60% used [0x00000000c0e00000,0x00000000c5885b28,0x00000000c8850000)
 PSPermGen       total 57792K, used 35290K [0x00000000bbc00000, 0x00000000bf470000, 0x00000000c0e00000)
  object space 57792K, 61% used [0x00000000bbc00000,0x00000000bde76b48,0x00000000bf470000)
Event: 259.293 GC heap after
Heap after GC invocations=17 (full 2):
 PSYoungGen      total 270656K, used 45348K [0x00000000eaf60000, 0x0000000100000000, 0x0000000100000000)
  eden space 225280K, 0% used [0x00000000eaf60000,0x00000000eaf60000,0x00000000f8b60000)
  from space 45376K, 99% used [0x00000000f8b60000,0x00000000fb7a9368,0x00000000fb7b0000)
  to   space 59072K, 0% used [0x00000000fc650000,0x00000000fc650000,0x0000000100000000)
 ParOldGen       total 125248K, used 92997K [0x00000000c0e00000, 0x00000000c8850000, 0x00000000eaf60000)
  object space 125248K, 74% used [0x00000000c0e00000,0x00000000c68d1610,0x00000000c8850000)
 PSPermGen       total 57792K, used 35290K [0x00000000bbc00000, 0x00000000bf470000, 0x00000000c0e00000)
  object space 57792K, 61% used [0x00000000bbc00000,0x00000000bde76b48,0x00000000bf470000)
}
Event: 259.995 GC heap before
{Heap before GC invocations=18 (full 2):
 PSYoungGen      total 270656K, used 270628K [0x00000000eaf60000, 0x0000000100000000, 0x0000000100000000)
  eden space 225280K, 100% used [0x00000000eaf60000,0x00000000f8b60000,0x00000000f8b60000)
  from space 45376K, 99% used [0x00000000f8b60000,0x00000000fb7a9368,0x00000000fb7b0000)
  to   space 59072K, 0% used [0x00000000fc650000,0x00000000fc650000,0x0000000100000000)
 ParOldGen       total 125248K, used 92997K [0x00000000c0e00000, 0x00000000c8850000, 0x00000000eaf60000)
  object space 125248K, 74% used [0x00000000c0e00000,0x00000000c68d1610,0x00000000c8850000)
 PSPermGen       total 57792K, used 35366K [0x00000000bbc00000, 0x00000000bf470000, 0x00000000c0e00000)
  object space 57792K, 61% used [0x00000000bbc00000,0x00000000bde89a70,0x00000000bf470000)
Event: 260.045 GC heap after
Heap after GC invocations=18 (full 2):
 PSYoungGen      total 271424K, used 51204K [0x00000000eaf60000, 0x0000000100000000, 0x0000000100000000)
  eden space 212352K, 0% used [0x00000000eaf60000,0x00000000eaf60000,0x00000000f7ec0000)
  from space 59072K, 86% used [0x00000000fc650000,0x00000000ff851220,0x0000000100000000)
  to   space 66176K, 0% used [0x00000000f7ec0000,0x00000000f7ec0000,0x00000000fbf60000)
 ParOldGen       total 125248K, used 111611K [0x00000000c0e00000, 0x00000000c8850000, 0x00000000eaf60000)
  object space 125248K, 89% used [0x00000000c0e00000,0x00000000c7afeca8,0x00000000c8850000)
 PSPermGen       total 57792K, used 35366K [0x00000000bbc00000, 0x00000000bf470000, 0x00000000c0e00000)
  object space 57792K, 61% used [0x00000000bbc00000,0x00000000bde89a70,0x00000000bf470000)
}
Event: 260.045 GC heap before
{Heap before GC invocations=19 (full 3):
 PSYoungGen      total 271424K, used 51204K [0x00000000eaf60000, 0x0000000100000000, 0x0000000100000000)
  eden space 212352K, 0% used [0x00000000eaf60000,0x00000000eaf60000,0x00000000f7ec0000)
  from space 59072K, 86% used [0x00000000fc650000,0x00000000ff851220,0x0000000100000000)
  to   space 66176K, 0% used [0x00000000f7ec0000,0x00000000f7ec0000,0x00000000fbf60000)
 ParOldGen       total 125248K, used 111611K [0x00000000c0e00000, 0x00000000c8850000, 0x00000000eaf60000)
  object space 125248K, 89% used [0x00000000c0e00000,0x00000000c7afeca8,0x00000000c8850000)
 PSPermGen       total 57792K, used 35366K [0x00000000bbc00000, 0x00000000bf470000, 0x00000000c0e00000)
  object space 57792K, 61% used [0x00000000bbc00000,0x00000000bde89a70,0x00000000bf470000)

